<?xml version="1.0" encoding="UTF-8"?>
<Site BuildName="(empty)"
	BuildStamp="20250611-0003-Experimental"
	Name="(empty)"
	Generator="ctest-4.0.2"
	CompilerName=""
	CompilerVersion=""
	OSName="macOS"
	Hostname="Josephs-MacBook-Pro.local"
	OSRelease="14.4"
	OSVersion="23E214"
	OSPlatform="arm64"
	Is64Bits="1"
	VendorString="Apple"
	VendorID="Apple"
	FamilyID="0"
	ModelID="0"
	ModelName="Apple M3 Pro"
	ProcessorCacheSize="131072"
	NumberOfLogicalCPU="11"
	NumberOfPhysicalCPU="11"
	TotalVirtualMemory="2048"
	TotalPhysicalMemory="18432"
	LogicalProcessorsPerPhysical="11"
	ProcessorClockFrequency="0"
	>
	<Testing>
		<StartDateTime>Jun 11 17:36 MDT</StartDateTime>
		<StartTestTime>1749685000</StartTestTime>
		<TestList/>
		<EndDateTime>Jun 11 17:36 MDT</EndDateTime>
		<EndTestTime>1749685000</EndTestTime>
		<ElapsedMinutes>0</ElapsedMinutes>
	</Testing>
</Site>
